2025-01-12 14:00:42.307 [info] Extension host with pid 37304 started
2025-01-12 14:00:42.307 [info] Skipping acquiring lock for /home/ashkan/.config/VSCodium/User/workspaceStorage/996a185adb895d83708b3a228ac20147.
2025-01-12 14:00:42.469 [info] ExtensionService#_doActivateExtension vscode.git-base, startup: true, activationEvent: '*', root cause: vscode.git
2025-01-12 14:00:42.482 [info] ExtensionService#_doActivateExtension vscode.git, startup: true, activationEvent: '*'
2025-01-12 14:00:42.596 [info] ExtensionService#_doActivateExtension vscode.github, startup: true, activationEvent: '*'
2025-01-12 14:00:42.718 [info] Eager extensions activated
2025-01-12 14:00:42.798 [info] ExtensionService#_doActivateExtension vscode.debug-auto-launch, startup: false, activationEvent: 'onStartupFinished'
2025-01-12 14:00:42.803 [info] ExtensionService#_doActivateExtension vscode.merge-conflict, startup: false, activationEvent: 'onStartupFinished'
2025-01-12 14:00:42.897 [info] ExtensionService#_doActivateExtension vscode.emmet, startup: false, activationEvent: 'onLanguage'
2025-01-12 14:05:45.073 [info] ExtensionService#_doActivateExtension vscode.npm, startup: false, activationEvent: 'onTerminalQuickFixRequest:ms-vscode.npm-command'
2025-01-12 14:05:50.248 [info] ExtensionService#_doActivateExtension vscode.configuration-editing, startup: false, activationEvent: 'onLanguage:json'
2025-01-12 14:05:50.269 [info] ExtensionService#_doActivateExtension vscode.extension-editing, startup: false, activationEvent: 'onLanguage:json'
2025-01-12 14:05:50.295 [info] ExtensionService#_doActivateExtension vscode.json-language-features, startup: false, activationEvent: 'onLanguage:json'
2025-01-12 14:26:16.405 [info] ExtensionService#_doActivateExtension vscode.typescript-language-features, startup: false, activationEvent: 'onLanguage:jsonc'
2025-01-12 14:26:25.537 [warning] vscode.json-language-features - Code actions of kind 'quickfix' requested but returned code action is of kind 'source.sort.json'. Code action will be dropped. Please check 'CodeActionContext.only' to only return requested code actions.
2025-01-12 14:26:25.564 [warning] vscode.json-language-features - Code actions of kind 'quickfix' requested but returned code action is of kind 'source.sort.json'. Code action will be dropped. Please check 'CodeActionContext.only' to only return requested code actions.
2025-01-12 14:26:29.155 [warning] vscode.json-language-features - Code actions of kind 'quickfix' requested but returned code action is of kind 'source.sort.json'. Code action will be dropped. Please check 'CodeActionContext.only' to only return requested code actions.
2025-01-12 14:26:30.521 [warning] vscode.json-language-features - Code actions of kind 'quickfix' requested but returned code action is of kind 'source.sort.json'. Code action will be dropped. Please check 'CodeActionContext.only' to only return requested code actions.
2025-01-12 14:29:29.831 [info] Extension host terminating: renderer closed the MessagePort
2025-01-12 14:29:29.860 [error] Canceled: Canceled
	at new D3 (file:///opt/vscodium-bin/resources/app/out/vs/workbench/api/node/extensionHostProcess.js:32:118193)
	at Py._remoteCall (file:///opt/vscodium-bin/resources/app/out/vs/workbench/api/node/extensionHostProcess.js:32:124487)
	at s.<computed>.n.charCodeAt.s.<computed> (file:///opt/vscodium-bin/resources/app/out/vs/workbench/api/node/extensionHostProcess.js:32:121246)
	at l0._doExecuteCommand (file:///opt/vscodium-bin/resources/app/out/vs/workbench/api/node/extensionHostProcess.js:115:38451)
	at l0.executeCommand (file:///opt/vscodium-bin/resources/app/out/vs/workbench/api/node/extensionHostProcess.js:115:37890)
	at r.registerCommand.description (file:///opt/vscodium-bin/resources/app/out/vs/workbench/api/node/extensionHostProcess.js:115:37154)
	at l0._executeContributedCommand (file:///opt/vscodium-bin/resources/app/out/vs/workbench/api/node/extensionHostProcess.js:115:39020)
	at l0._doExecuteCommand (file:///opt/vscodium-bin/resources/app/out/vs/workbench/api/node/extensionHostProcess.js:115:38023)
	at l0.executeCommand (file:///opt/vscodium-bin/resources/app/out/vs/workbench/api/node/extensionHostProcess.js:115:37890)
	at Object.executeCommand (file:///opt/vscodium-bin/resources/app/out/vs/workbench/api/node/extensionHostProcess.js:157:42391)
	at xh.L [as value] (/opt/vscodium-bin/resources/app/extensions/git/dist/main.js:2:975661)
	at I._deliver (file:///opt/vscodium-bin/resources/app/out/vs/workbench/api/node/extensionHostProcess.js:30:922)
	at I._deliverQueue (file:///opt/vscodium-bin/resources/app/out/vs/workbench/api/node/extensionHostProcess.js:30:1013)
	at I.fire (file:///opt/vscodium-bin/resources/app/out/vs/workbench/api/node/extensionHostProcess.js:30:1349)
	at Object.p [as dispose] (/opt/vscodium-bin/resources/app/extensions/git/dist/main.js:2:997218)
	at /opt/vscodium-bin/resources/app/extensions/git/dist/main.js:2:1003340
	at Array.forEach (<anonymous>)
	at b.dispose (/opt/vscodium-bin/resources/app/extensions/git/dist/main.js:2:1003326)
	at e1.<anonymous> (file:///opt/vscodium-bin/resources/app/out/vs/workbench/api/node/extensionHostProcess.js:109:21508)
	at e1.dispose (file:///opt/vscodium-bin/resources/app/out/vs/workbench/api/node/extensionHostProcess.js:109:21604)
	at e1.<anonymous> (/opt/vscodium-bin/resources/app/extensions/git/dist/main.js:2:978140)
	at e1.dispose (file:///opt/vscodium-bin/resources/app/out/vs/workbench/api/node/extensionHostProcess.js:109:21604)
	at ai (file:///opt/vscodium-bin/resources/app/out/vs/workbench/api/node/extensionHostProcess.js:25:699)
	at file:///opt/vscodium-bin/resources/app/out/vs/workbench/api/node/extensionHostProcess.js:119:18392
	at file:///opt/vscodium-bin/resources/app/out/vs/workbench/api/node/extensionHostProcess.js:25:1009
	at Object.dispose (file:///opt/vscodium-bin/resources/app/out/vs/workbench/api/node/extensionHostProcess.js:8:705)
	at VV._deactivate (file:///opt/vscodium-bin/resources/app/out/vs/workbench/api/node/extensionHostProcess.js:119:14727)
	at file:///opt/vscodium-bin/resources/app/out/vs/workbench/api/node/extensionHostProcess.js:119:12013
	at Array.map (<anonymous>)
	at VV._deactivateAll (file:///opt/vscodium-bin/resources/app/out/vs/workbench/api/node/extensionHostProcess.js:119:12001)
	at VV.terminate (file:///opt/vscodium-bin/resources/app/out/vs/workbench/api/node/extensionHostProcess.js:119:12354)
	at XT.terminate (file:///opt/vscodium-bin/resources/app/out/vs/workbench/api/node/extensionHostProcess.js:120:1592)
	at Zi (file:///opt/vscodium-bin/resources/app/out/vs/workbench/api/node/extensionHostProcess.js:175:16313)
	at MessagePortMain.<anonymous> (file:///opt/vscodium-bin/resources/app/out/vs/workbench/api/node/extensionHostProcess.js:175:12769)
	at MessagePortMain.emit (node:events:518:28)
	at MessagePortMain._internalPort.emit (node:electron/js2c/utility_init:2:2949) setContext undefined
2025-01-12 14:29:29.861 [error] Canceled: Canceled
	at new D3 (file:///opt/vscodium-bin/resources/app/out/vs/workbench/api/node/extensionHostProcess.js:32:118193)
	at Py._remoteCall (file:///opt/vscodium-bin/resources/app/out/vs/workbench/api/node/extensionHostProcess.js:32:124487)
	at s.<computed>.n.charCodeAt.s.<computed> (file:///opt/vscodium-bin/resources/app/out/vs/workbench/api/node/extensionHostProcess.js:32:121246)
	at l0._doExecuteCommand (file:///opt/vscodium-bin/resources/app/out/vs/workbench/api/node/extensionHostProcess.js:115:38451)
	at l0.executeCommand (file:///opt/vscodium-bin/resources/app/out/vs/workbench/api/node/extensionHostProcess.js:115:37890)
	at r.registerCommand.description (file:///opt/vscodium-bin/resources/app/out/vs/workbench/api/node/extensionHostProcess.js:115:37154)
	at l0._executeContributedCommand (file:///opt/vscodium-bin/resources/app/out/vs/workbench/api/node/extensionHostProcess.js:115:39020)
	at l0._doExecuteCommand (file:///opt/vscodium-bin/resources/app/out/vs/workbench/api/node/extensionHostProcess.js:115:38023)
	at l0.executeCommand (file:///opt/vscodium-bin/resources/app/out/vs/workbench/api/node/extensionHostProcess.js:115:37890)
	at Object.executeCommand (file:///opt/vscodium-bin/resources/app/out/vs/workbench/api/node/extensionHostProcess.js:157:42391)
	at set hasGitHubRepositories (/opt/vscodium-bin/resources/app/extensions/github/dist/extension.js:2:328582)
	at /opt/vscodium-bin/resources/app/extensions/github/dist/extension.js:2:329541
	at xh.value (/opt/vscodium-bin/resources/app/extensions/git/dist/main.js:2:1088522)
	at I._deliver (file:///opt/vscodium-bin/resources/app/out/vs/workbench/api/node/extensionHostProcess.js:30:922)
	at I._deliverQueue (file:///opt/vscodium-bin/resources/app/out/vs/workbench/api/node/extensionHostProcess.js:30:1013)
	at I.fire (file:///opt/vscodium-bin/resources/app/out/vs/workbench/api/node/extensionHostProcess.js:30:1349)
	at Object.p [as dispose] (/opt/vscodium-bin/resources/app/extensions/git/dist/main.js:2:997218)
	at /opt/vscodium-bin/resources/app/extensions/git/dist/main.js:2:1003340
	at Array.forEach (<anonymous>)
	at b.dispose (/opt/vscodium-bin/resources/app/extensions/git/dist/main.js:2:1003326)
	at e1.<anonymous> (file:///opt/vscodium-bin/resources/app/out/vs/workbench/api/node/extensionHostProcess.js:109:21508)
	at e1.dispose (file:///opt/vscodium-bin/resources/app/out/vs/workbench/api/node/extensionHostProcess.js:109:21604)
	at e1.<anonymous> (/opt/vscodium-bin/resources/app/extensions/git/dist/main.js:2:978140)
	at e1.dispose (file:///opt/vscodium-bin/resources/app/out/vs/workbench/api/node/extensionHostProcess.js:109:21604)
	at ai (file:///opt/vscodium-bin/resources/app/out/vs/workbench/api/node/extensionHostProcess.js:25:699)
	at file:///opt/vscodium-bin/resources/app/out/vs/workbench/api/node/extensionHostProcess.js:119:18392
	at file:///opt/vscodium-bin/resources/app/out/vs/workbench/api/node/extensionHostProcess.js:25:1009
	at Object.dispose (file:///opt/vscodium-bin/resources/app/out/vs/workbench/api/node/extensionHostProcess.js:8:705)
	at VV._deactivate (file:///opt/vscodium-bin/resources/app/out/vs/workbench/api/node/extensionHostProcess.js:119:14727)
	at file:///opt/vscodium-bin/resources/app/out/vs/workbench/api/node/extensionHostProcess.js:119:12013
	at Array.map (<anonymous>)
	at VV._deactivateAll (file:///opt/vscodium-bin/resources/app/out/vs/workbench/api/node/extensionHostProcess.js:119:12001)
	at VV.terminate (file:///opt/vscodium-bin/resources/app/out/vs/workbench/api/node/extensionHostProcess.js:119:12354)
	at XT.terminate (file:///opt/vscodium-bin/resources/app/out/vs/workbench/api/node/extensionHostProcess.js:120:1592)
	at Zi (file:///opt/vscodium-bin/resources/app/out/vs/workbench/api/node/extensionHostProcess.js:175:16313)
	at MessagePortMain.<anonymous> (file:///opt/vscodium-bin/resources/app/out/vs/workbench/api/node/extensionHostProcess.js:175:12769)
	at MessagePortMain.emit (node:events:518:28)
	at MessagePortMain._internalPort.emit (node:electron/js2c/utility_init:2:2949) setContext undefined
2025-01-12 14:29:29.862 [info] Extension host with pid 37304 exiting with code 0
