2025-01-13 11:13:47.662 [info] read schema from vscode: vscode://schemas/settings/folder
2025-01-13 11:13:47.808 [info] cancelled
2025-01-13 11:13:47.893 [info] cancelled
2025-01-13 11:13:47.959 [info] schema change detected vscode://schemas/settings/folder
2025-01-13 11:13:48.015 [info] read schema from vscode: vscode://schemas/settings/folder
2025-01-13 11:13:48.268 [info] read schema from vscode: vscode://schemas/settings/resourceLanguage
2025-01-13 11:13:48.281 [info] read schema from vscode: vscode://schemas/launch
2025-01-13 11:13:48.283 [info] read schema from vscode: vscode://schemas/token-styling
2025-01-13 11:13:48.293 [info] read schema from vscode: vscode://schemas/textmate-colors
2025-01-13 11:13:48.301 [info] read schema from vscode: vscode://schemas/workbench-colors
2025-01-13 11:13:48.383 [info] schema change detected vscode://schemas/settings/folder
2025-01-13 11:13:48.515 [info] read schema from vscode: vscode://schemas/settings/folder
2025-01-13 11:13:48.665 [info] schema change detected vscode://schemas/settings/folder
2025-01-13 11:13:48.732 [info] read schema from vscode: vscode://schemas/settings/folder
2025-01-13 11:13:52.318 [info] schema change detected vscode://schemas/launch
2025-01-13 11:13:52.320 [info] read schema from vscode: vscode://schemas/settings/folder
2025-01-13 11:13:52.405 [info] read schema from vscode: vscode://schemas/launch
2025-01-13 11:15:31.860 [info] schema change detected vscode://schemas/settings/folder
2025-01-13 11:55:14.236 [info] schema change detected vscode://schemas/launch
2025-01-13 11:55:15.205 [info] schema change detected vscode://schemas/settings/folder
2025-01-13 13:21:08.235 [info] schema change detected vscode://schemas/settings/folder
