2025-01-13 11:13:47.911 [info] [main] Log level: Info
2025-01-13 11:13:47.911 [info] [main] Validating found git in: "git"
2025-01-13 11:13:47.911 [info] [main] Using git "2.48.0" from "git"
2025-01-13 11:13:47.911 [info] [Model][doInitialScan] Initial repository scan started
2025-01-13 11:13:47.911 [info] > git rev-parse --show-toplevel [8ms]
2025-01-13 11:13:47.911 [info] > git rev-parse --git-dir --git-common-dir [4ms]
2025-01-13 11:13:47.911 [info] [Model][openRepository] Opened repository: /home/ashkan/Documents/weeliifeefii59
2025-01-13 11:13:47.913 [info] > git rev-parse --show-toplevel [25ms]
2025-01-13 11:13:47.914 [info] > git config --get commit.template [38ms]
2025-01-13 11:13:47.945 [info] > git for-each-ref --format=%(refname)%00%(upstream:short)%00%(objectname)%00%(upstream:track)%00%(upstream:remotename)%00%(upstream:remoteref) refs/heads/main refs/remotes/main [18ms]
2025-01-13 11:13:47.956 [warning] [Git][revParse] Unable to read file: ENOENT: no such file or directory, open '/home/ashkan/Documents/weeliifeefii59/.git/refs/remotes/origin/main'
2025-01-13 11:13:47.957 [info] > git rev-parse --show-toplevel [13ms]
2025-01-13 11:13:47.970 [info] > git rev-parse refs/remotes/origin/main [14ms]
2025-01-13 11:13:47.996 [info] > git rev-parse --show-toplevel [26ms]
2025-01-13 11:13:48.014 [info] > git status -z -uall [33ms]
2025-01-13 11:13:48.016 [info] > git for-each-ref --sort -committerdate --format %(refname) %(objectname) %(*objectname) [22ms]
2025-01-13 11:13:48.019 [info] > git rev-parse --show-toplevel [5ms]
2025-01-13 11:13:48.060 [info] > git for-each-ref --format=%(refname)%00%(upstream:short)%00%(objectname)%00%(upstream:track)%00%(upstream:remotename)%00%(upstream:remoteref) refs/heads/main refs/remotes/main [24ms]
2025-01-13 11:13:48.072 [info] > git config --get commit.template [12ms]
2025-01-13 11:13:48.072 [info] > git rev-parse --show-toplevel [22ms]
2025-01-13 11:13:48.083 [info] > git config --local branch.main.vscode-merge-base [13ms]
2025-01-13 11:13:48.104 [info] > git rev-parse --show-toplevel [22ms]
2025-01-13 11:13:48.115 [info] > git for-each-ref --format=%(refname)%00%(upstream:short)%00%(objectname)%00%(upstream:track)%00%(upstream:remotename)%00%(upstream:remoteref) refs/heads/origin/main refs/remotes/origin/main [22ms]
2025-01-13 11:13:48.161 [info] > git merge-base refs/heads/main refs/remotes/origin/main [35ms]
2025-01-13 11:13:48.171 [info] > git rev-parse --show-toplevel [57ms]
2025-01-13 11:13:48.171 [info] > git for-each-ref --format=%(refname)%00%(upstream:short)%00%(objectname)%00%(upstream:track)%00%(upstream:remotename)%00%(upstream:remoteref) refs/heads/main refs/remotes/main [68ms]
2025-01-13 11:13:48.193 [warning] [Git][revParse] Unable to read file: ENOENT: no such file or directory, open '/home/ashkan/Documents/weeliifeefii59/.git/refs/remotes/origin/main'
2025-01-13 11:13:48.196 [info] > git rev-parse refs/remotes/origin/main [3ms]
2025-01-13 11:13:48.218 [info] > git rev-parse --show-toplevel [35ms]
2025-01-13 11:13:48.219 [info] > git diff --name-status -z --diff-filter=ADMR cc84b737297394bf49688ed09b72e3a12a535b7c...refs/remotes/origin/main [48ms]
2025-01-13 11:13:48.234 [info] > git status -z -uall [29ms]
2025-01-13 11:13:48.234 [info] > git for-each-ref --sort -committerdate --format %(refname) %(objectname) %(*objectname) [16ms]
2025-01-13 11:13:48.244 [info] > git rev-parse --show-toplevel [11ms]
2025-01-13 11:13:48.269 [info] > git rev-parse --show-toplevel [10ms]
2025-01-13 11:13:48.283 [info] > git rev-parse --show-toplevel [4ms]
2025-01-13 11:13:48.301 [info] > git rev-parse --show-toplevel [9ms]
2025-01-13 11:13:48.302 [info] [Model][doInitialScan] Initial repository scan completed - repositories (1), closed repositories (0), parent repositories (0), unsafe repositories (0)
2025-01-13 11:13:48.324 [info] > git show --textconv :.vscode/settings.json [12ms]
2025-01-13 11:13:48.326 [info] > git ls-files --stage -- /home/ashkan/Documents/weeliifeefii59/.vscode/settings.json [3ms]
2025-01-13 11:13:48.338 [info] > git cat-file -s 3d249861cf8f6d10e0717a38033d6e8f71c7e01e [2ms]
2025-01-13 11:13:48.421 [info] > git check-ignore -v -z --stdin [10ms]
2025-01-13 11:13:48.489 [info] > git blame --root --incremental cc84b737297394bf49688ed09b72e3a12a535b7c -- /home/ashkan/Documents/weeliifeefii59/.vscode/settings.json [7ms]
2025-01-13 11:13:48.750 [info] > git rev-parse --show-toplevel [2ms]
2025-01-13 11:16:04.242 [info] > git config --get commit.template [16ms]
2025-01-13 11:16:04.243 [info] > git for-each-ref --format=%(refname)%00%(upstream:short)%00%(objectname)%00%(upstream:track)%00%(upstream:remotename)%00%(upstream:remoteref) refs/heads/main refs/remotes/main [4ms]
2025-01-13 11:16:04.256 [warning] [Git][revParse] Unable to read file: ENOENT: no such file or directory, open '/home/ashkan/Documents/weeliifeefii59/.git/refs/remotes/origin/main'
2025-01-13 11:16:04.257 [info] > git rev-parse refs/remotes/origin/main [1ms]
2025-01-13 11:16:04.281 [info] > git status -z -uall [15ms]
2025-01-13 11:16:04.283 [info] > git for-each-ref --sort -committerdate --format %(refname) %(objectname) %(*objectname) [4ms]
2025-01-13 11:16:04.795 [info] > git rev-parse --show-toplevel [1ms]
2025-01-13 11:40:07.052 [info] > git config --get commit.template [16ms]
2025-01-13 11:40:07.056 [info] > git for-each-ref --format=%(refname)%00%(upstream:short)%00%(objectname)%00%(upstream:track)%00%(upstream:remotename)%00%(upstream:remoteref) refs/heads/main refs/remotes/main [6ms]
2025-01-13 11:40:07.067 [warning] [Git][revParse] Unable to read file: ENOENT: no such file or directory, open '/home/ashkan/Documents/weeliifeefii59/.git/refs/remotes/origin/main'
2025-01-13 11:40:07.069 [info] > git rev-parse refs/remotes/origin/main [2ms]
2025-01-13 11:40:07.102 [info] > git for-each-ref --sort -committerdate --format %(refname) %(objectname) %(*objectname) [6ms]
2025-01-13 11:40:07.115 [info] > git status -z -uall [34ms]
2025-01-13 11:40:07.631 [info] > git rev-parse --show-toplevel [2ms]
2025-01-13 11:50:35.114 [info] > git config --get commit.template [12ms]
2025-01-13 11:50:35.115 [info] > git for-each-ref --format=%(refname)%00%(upstream:short)%00%(objectname)%00%(upstream:track)%00%(upstream:remotename)%00%(upstream:remoteref) refs/heads/main refs/remotes/main [2ms]
2025-01-13 11:50:35.125 [warning] [Git][revParse] Unable to read file: ENOENT: no such file or directory, open '/home/ashkan/Documents/weeliifeefii59/.git/refs/remotes/origin/main'
2025-01-13 11:50:35.127 [info] > git rev-parse refs/remotes/origin/main [2ms]
2025-01-13 11:50:35.149 [info] > git status -z -uall [12ms]
2025-01-13 11:50:35.151 [info] > git for-each-ref --sort -committerdate --format %(refname) %(objectname) %(*objectname) [3ms]
2025-01-13 11:50:35.665 [info] > git rev-parse --show-toplevel [2ms]
2025-01-13 12:02:10.798 [info] > git config --get commit.template [13ms]
2025-01-13 12:02:10.800 [info] > git for-each-ref --format=%(refname)%00%(upstream:short)%00%(objectname)%00%(upstream:track)%00%(upstream:remotename)%00%(upstream:remoteref) refs/heads/main refs/remotes/main [2ms]
2025-01-13 12:02:10.811 [warning] [Git][revParse] Unable to read file: ENOENT: no such file or directory, open '/home/ashkan/Documents/weeliifeefii59/.git/refs/remotes/origin/main'
2025-01-13 12:02:10.812 [info] > git rev-parse refs/remotes/origin/main [2ms]
2025-01-13 12:02:10.837 [info] > git status -z -uall [13ms]
2025-01-13 12:02:10.839 [info] > git for-each-ref --sort -committerdate --format %(refname) %(objectname) %(*objectname) [3ms]
2025-01-13 12:02:11.354 [info] > git rev-parse --show-toplevel [2ms]
2025-01-13 12:02:20.088 [info] > git config --get commit.template [13ms]
2025-01-13 12:02:20.089 [info] > git for-each-ref --format=%(refname)%00%(upstream:short)%00%(objectname)%00%(upstream:track)%00%(upstream:remotename)%00%(upstream:remoteref) refs/heads/main refs/remotes/main [3ms]
2025-01-13 12:02:20.100 [warning] [Git][revParse] Unable to read file: ENOENT: no such file or directory, open '/home/ashkan/Documents/weeliifeefii59/.git/refs/remotes/origin/main'
2025-01-13 12:02:20.102 [info] > git rev-parse refs/remotes/origin/main [2ms]
2025-01-13 12:02:20.126 [info] > git status -z -uall [13ms]
2025-01-13 12:02:20.128 [info] > git for-each-ref --sort -committerdate --format %(refname) %(objectname) %(*objectname) [3ms]
2025-01-13 12:02:20.647 [info] > git rev-parse --show-toplevel [2ms]
2025-01-13 12:02:21.080 [info] > git config --get commit.template [13ms]
2025-01-13 12:02:21.082 [info] > git for-each-ref --format=%(refname)%00%(upstream:short)%00%(objectname)%00%(upstream:track)%00%(upstream:remotename)%00%(upstream:remoteref) refs/heads/main refs/remotes/main [3ms]
2025-01-13 12:02:21.092 [warning] [Git][revParse] Unable to read file: ENOENT: no such file or directory, open '/home/ashkan/Documents/weeliifeefii59/.git/refs/remotes/origin/main'
2025-01-13 12:02:21.094 [info] > git rev-parse refs/remotes/origin/main [2ms]
2025-01-13 12:02:21.118 [info] > git status -z -uall [14ms]
2025-01-13 12:02:21.120 [info] > git for-each-ref --sort -committerdate --format %(refname) %(objectname) %(*objectname) [3ms]
2025-01-13 12:02:21.636 [info] > git rev-parse --show-toplevel [1ms]
2025-01-13 12:14:54.248 [info] > git show --textconv :mkdocs.yml [15ms]
2025-01-13 12:14:54.249 [info] > git ls-files --stage -- /home/ashkan/Documents/weeliifeefii59/mkdocs.yml [3ms]
2025-01-13 12:14:54.263 [info] > git cat-file -s 540fae1d734ff02bd43fcfb8823bf623d0417ada [2ms]
2025-01-13 12:14:54.831 [info] > git show --textconv :database.sql [12ms]
2025-01-13 12:14:54.832 [info] > git ls-files --stage -- /home/ashkan/Documents/weeliifeefii59/database.sql [4ms]
2025-01-13 12:14:54.843 [info] > git cat-file -s c69a6b3e1d99c84ed681978d37c22a1fdcb15f27 [2ms]
2025-01-13 12:16:02.813 [info] > git blame --root --incremental cc84b737297394bf49688ed09b72e3a12a535b7c -- /home/ashkan/Documents/weeliifeefii59/database.sql [5ms]
2025-01-13 12:19:15.861 [info] > git show --textconv :database.sql [14ms]
2025-01-13 12:19:15.862 [info] > git ls-files --stage -- /home/ashkan/Documents/weeliifeefii59/database.sql [3ms]
2025-01-13 12:19:15.875 [info] > git cat-file -s c69a6b3e1d99c84ed681978d37c22a1fdcb15f27 [3ms]
2025-01-13 12:20:34.131 [info] > git config --get commit.template [12ms]
2025-01-13 12:20:34.132 [info] > git for-each-ref --format=%(refname)%00%(upstream:short)%00%(objectname)%00%(upstream:track)%00%(upstream:remotename)%00%(upstream:remoteref) refs/heads/main refs/remotes/main [2ms]
2025-01-13 12:20:34.143 [warning] [Git][revParse] Unable to read file: ENOENT: no such file or directory, open '/home/ashkan/Documents/weeliifeefii59/.git/refs/remotes/origin/main'
2025-01-13 12:20:34.145 [info] > git rev-parse refs/remotes/origin/main [2ms]
2025-01-13 12:20:34.170 [info] > git status -z -uall [13ms]
2025-01-13 12:20:34.172 [info] > git for-each-ref --sort -committerdate --format %(refname) %(objectname) %(*objectname) [3ms]
2025-01-13 12:20:34.690 [info] > git rev-parse --show-toplevel [3ms]
2025-01-13 12:21:02.397 [info] > git config --get commit.template [12ms]
2025-01-13 12:21:02.398 [info] > git for-each-ref --format=%(refname)%00%(upstream:short)%00%(objectname)%00%(upstream:track)%00%(upstream:remotename)%00%(upstream:remoteref) refs/heads/main refs/remotes/main [2ms]
2025-01-13 12:21:02.408 [warning] [Git][revParse] Unable to read file: ENOENT: no such file or directory, open '/home/ashkan/Documents/weeliifeefii59/.git/refs/remotes/origin/main'
2025-01-13 12:21:02.410 [info] > git rev-parse refs/remotes/origin/main [2ms]
2025-01-13 12:21:02.431 [info] > git status -z -uall [12ms]
2025-01-13 12:21:02.432 [info] > git for-each-ref --sort -committerdate --format %(refname) %(objectname) %(*objectname) [2ms]
2025-01-13 12:21:02.949 [info] > git rev-parse --show-toplevel [2ms]
2025-01-13 12:21:47.694 [info] > git config --get commit.template [12ms]
2025-01-13 12:21:47.696 [info] > git for-each-ref --format=%(refname)%00%(upstream:short)%00%(objectname)%00%(upstream:track)%00%(upstream:remotename)%00%(upstream:remoteref) refs/heads/main refs/remotes/main [3ms]
2025-01-13 12:21:47.706 [warning] [Git][revParse] Unable to read file: ENOENT: no such file or directory, open '/home/ashkan/Documents/weeliifeefii59/.git/refs/remotes/origin/main'
2025-01-13 12:21:47.708 [info] > git rev-parse refs/remotes/origin/main [2ms]
2025-01-13 12:21:47.729 [info] > git status -z -uall [11ms]
2025-01-13 12:21:47.732 [info] > git for-each-ref --sort -committerdate --format %(refname) %(objectname) %(*objectname) [3ms]
2025-01-13 12:21:48.245 [info] > git rev-parse --show-toplevel [2ms]
2025-01-13 12:23:01.828 [info] > git check-ignore -v -z --stdin [6ms]
2025-01-13 12:23:04.265 [info] > git show --textconv :roetz-life-rn/.env.example [12ms]
2025-01-13 12:23:04.267 [info] > git ls-files --stage -- /home/ashkan/Documents/weeliifeefii59/roetz-life-rn/.env.example [4ms]
2025-01-13 12:23:04.278 [info] > git cat-file -s 7ddcad670385fb50dc1f3e279062229c07596059 [2ms]
2025-01-13 12:23:16.616 [info] > git show --textconv :roetz-life-rn/.env copy.example [13ms]
2025-01-13 12:23:16.618 [info] > git ls-files --stage -- /home/ashkan/Documents/weeliifeefii59/roetz-life-rn/.env copy.example [3ms]
2025-01-13 12:23:16.866 [info] > git check-ignore -v -z --stdin [2ms]
2025-01-13 12:23:17.467 [info] > git config --get commit.template [12ms]
2025-01-13 12:23:17.470 [info] > git for-each-ref --format=%(refname)%00%(upstream:short)%00%(objectname)%00%(upstream:track)%00%(upstream:remotename)%00%(upstream:remoteref) refs/heads/main refs/remotes/main [5ms]
2025-01-13 12:23:17.480 [warning] [Git][revParse] Unable to read file: ENOENT: no such file or directory, open '/home/ashkan/Documents/weeliifeefii59/.git/refs/remotes/origin/main'
2025-01-13 12:23:17.482 [info] > git rev-parse refs/remotes/origin/main [2ms]
2025-01-13 12:23:17.506 [info] > git for-each-ref --sort -committerdate --format %(refname) %(objectname) %(*objectname) [4ms]
2025-01-13 12:23:17.517 [info] > git status -z -uall [27ms]
2025-01-13 12:23:18.033 [info] > git rev-parse --show-toplevel [2ms]
2025-01-13 12:23:20.737 [info] > git show --textconv :roetz-life-rn/.env [14ms]
2025-01-13 12:23:20.738 [info] > git ls-files --stage -- /home/ashkan/Documents/weeliifeefii59/roetz-life-rn/.env [4ms]
2025-01-13 12:23:21.012 [info] > git check-ignore -v -z --stdin [2ms]
2025-01-13 12:23:21.975 [info] > git blame --root --incremental cc84b737297394bf49688ed09b72e3a12a535b7c -- /home/ashkan/Documents/weeliifeefii59/roetz-life-rn/.env [3ms]
2025-01-13 12:23:21.975 [info] fatal: no such path roetz-life-rn/.env in cc84b737297394bf49688ed09b72e3a12a535b7c
2025-01-13 12:23:22.545 [info] > git config --get commit.template [13ms]
2025-01-13 12:23:22.546 [info] > git for-each-ref --format=%(refname)%00%(upstream:short)%00%(objectname)%00%(upstream:track)%00%(upstream:remotename)%00%(upstream:remoteref) refs/heads/main refs/remotes/main [2ms]
2025-01-13 12:23:22.556 [warning] [Git][revParse] Unable to read file: ENOENT: no such file or directory, open '/home/ashkan/Documents/weeliifeefii59/.git/refs/remotes/origin/main'
2025-01-13 12:23:22.558 [info] > git rev-parse refs/remotes/origin/main [2ms]
2025-01-13 12:23:22.580 [info] > git status -z -uall [12ms]
2025-01-13 12:23:22.582 [info] > git for-each-ref --sort -committerdate --format %(refname) %(objectname) %(*objectname) [2ms]
2025-01-13 12:23:23.098 [info] > git rev-parse --show-toplevel [2ms]
2025-01-13 12:23:57.722 [info] > git config --get commit.template [11ms]
2025-01-13 12:23:57.724 [info] > git for-each-ref --format=%(refname)%00%(upstream:short)%00%(objectname)%00%(upstream:track)%00%(upstream:remotename)%00%(upstream:remoteref) refs/heads/main refs/remotes/main [3ms]
2025-01-13 12:23:57.734 [warning] [Git][revParse] Unable to read file: ENOENT: no such file or directory, open '/home/ashkan/Documents/weeliifeefii59/.git/refs/remotes/origin/main'
2025-01-13 12:23:57.736 [info] > git rev-parse refs/remotes/origin/main [1ms]
2025-01-13 12:23:57.757 [info] > git status -z -uall [12ms]
2025-01-13 12:23:57.758 [info] > git for-each-ref --sort -committerdate --format %(refname) %(objectname) %(*objectname) [3ms]
2025-01-13 12:23:58.273 [info] > git rev-parse --show-toplevel [2ms]
2025-01-13 12:24:00.321 [info] > git check-ignore -v -z --stdin [2ms]
2025-01-13 12:24:56.465 [info] > git show --textconv :.config [14ms]
2025-01-13 12:24:56.466 [info] > git ls-files --stage -- /home/ashkan/Documents/weeliifeefii59/.config [3ms]
2025-01-13 12:24:56.478 [info] > git cat-file -s 92a0bd7fc4f3642bb36b24e9cad874034f5568e7 [3ms]
2025-01-13 12:24:59.631 [info] > git show --textconv :roetz-mock-server/.env.example [13ms]
2025-01-13 12:24:59.632 [info] > git ls-files --stage -- /home/ashkan/Documents/weeliifeefii59/roetz-mock-server/.env.example [3ms]
2025-01-13 12:24:59.643 [info] > git cat-file -s e8f5b44be1bef2b2ca54a536a510b5786c775bf8 [2ms]
2025-01-13 12:25:11.082 [info] > git show --textconv :roetz-mock-server/.env copy.example [11ms]
2025-01-13 12:25:11.083 [info] > git ls-files --stage -- /home/ashkan/Documents/weeliifeefii59/roetz-mock-server/.env copy.example [2ms]
2025-01-13 12:25:11.299 [info] > git check-ignore -v -z --stdin [3ms]
2025-01-13 12:25:11.917 [info] > git config --get commit.template [14ms]
2025-01-13 12:25:11.919 [info] > git for-each-ref --format=%(refname)%00%(upstream:short)%00%(objectname)%00%(upstream:track)%00%(upstream:remotename)%00%(upstream:remoteref) refs/heads/main refs/remotes/main [3ms]
2025-01-13 12:25:11.930 [warning] [Git][revParse] Unable to read file: ENOENT: no such file or directory, open '/home/ashkan/Documents/weeliifeefii59/.git/refs/remotes/origin/main'
2025-01-13 12:25:11.932 [info] > git rev-parse refs/remotes/origin/main [2ms]
2025-01-13 12:25:11.953 [info] > git status -z -uall [10ms]
2025-01-13 12:25:11.956 [info] > git for-each-ref --sort -committerdate --format %(refname) %(objectname) %(*objectname) [4ms]
2025-01-13 12:25:12.474 [info] > git rev-parse --show-toplevel [2ms]
2025-01-13 12:25:16.561 [info] > git show --textconv :roetz-mock-server/.env [14ms]
2025-01-13 12:25:16.562 [info] > git ls-files --stage -- /home/ashkan/Documents/weeliifeefii59/roetz-mock-server/.env [3ms]
2025-01-13 12:25:16.838 [info] > git check-ignore -v -z --stdin [2ms]
2025-01-13 12:25:17.349 [info] > git config --get commit.template [11ms]
2025-01-13 12:25:17.350 [info] > git for-each-ref --format=%(refname)%00%(upstream:short)%00%(objectname)%00%(upstream:track)%00%(upstream:remotename)%00%(upstream:remoteref) refs/heads/main refs/remotes/main [2ms]
2025-01-13 12:25:17.360 [warning] [Git][revParse] Unable to read file: ENOENT: no such file or directory, open '/home/ashkan/Documents/weeliifeefii59/.git/refs/remotes/origin/main'
2025-01-13 12:25:17.362 [info] > git rev-parse refs/remotes/origin/main [2ms]
2025-01-13 12:25:17.384 [info] > git status -z -uall [11ms]
2025-01-13 12:25:17.386 [info] > git for-each-ref --sort -committerdate --format %(refname) %(objectname) %(*objectname) [3ms]
2025-01-13 12:25:17.901 [info] > git rev-parse --show-toplevel [2ms]
2025-01-13 12:26:00.473 [info] > git blame --root --incremental cc84b737297394bf49688ed09b72e3a12a535b7c -- /home/ashkan/Documents/weeliifeefii59/roetz-mock-server/.env [3ms]
2025-01-13 12:26:00.473 [info] fatal: no such path roetz-mock-server/.env in cc84b737297394bf49688ed09b72e3a12a535b7c
2025-01-13 12:28:52.509 [info] > git config --get commit.template [12ms]
2025-01-13 12:28:52.510 [info] > git for-each-ref --format=%(refname)%00%(upstream:short)%00%(objectname)%00%(upstream:track)%00%(upstream:remotename)%00%(upstream:remoteref) refs/heads/main refs/remotes/main [2ms]
2025-01-13 12:28:52.520 [warning] [Git][revParse] Unable to read file: ENOENT: no such file or directory, open '/home/ashkan/Documents/weeliifeefii59/.git/refs/remotes/origin/main'
2025-01-13 12:28:52.522 [info] > git rev-parse refs/remotes/origin/main [2ms]
2025-01-13 12:28:52.544 [info] > git status -z -uall [11ms]
2025-01-13 12:28:52.546 [info] > git for-each-ref --sort -committerdate --format %(refname) %(objectname) %(*objectname) [3ms]
2025-01-13 12:28:53.061 [info] > git rev-parse --show-toplevel [2ms]
2025-01-13 12:29:05.209 [info] > git config --get commit.template [2ms]
2025-01-13 12:29:05.220 [info] > git for-each-ref --format=%(refname)%00%(upstream:short)%00%(objectname)%00%(upstream:track)%00%(upstream:remotename)%00%(upstream:remoteref) refs/heads/main refs/remotes/main [2ms]
2025-01-13 12:29:05.230 [warning] [Git][revParse] Unable to read file: ENOENT: no such file or directory, open '/home/ashkan/Documents/weeliifeefii59/.git/refs/remotes/origin/main'
2025-01-13 12:29:05.233 [info] > git rev-parse refs/remotes/origin/main [3ms]
2025-01-13 12:29:05.254 [info] > git status -z -uall [12ms]
2025-01-13 12:29:05.256 [info] > git for-each-ref --sort -committerdate --format %(refname) %(objectname) %(*objectname) [3ms]
2025-01-13 12:29:05.770 [info] > git rev-parse --show-toplevel [2ms]
2025-01-13 12:36:22.966 [info] > git config --get commit.template [16ms]
2025-01-13 12:36:22.969 [info] > git for-each-ref --format=%(refname)%00%(upstream:short)%00%(objectname)%00%(upstream:track)%00%(upstream:remotename)%00%(upstream:remoteref) refs/heads/main refs/remotes/main [4ms]
2025-01-13 12:36:22.982 [warning] [Git][revParse] Unable to read file: ENOENT: no such file or directory, open '/home/ashkan/Documents/weeliifeefii59/.git/refs/remotes/origin/main'
2025-01-13 12:36:22.985 [info] > git rev-parse refs/remotes/origin/main [4ms]
2025-01-13 12:36:23.012 [info] > git status -z -uall [13ms]
2025-01-13 12:36:23.015 [info] > git for-each-ref --sort -committerdate --format %(refname) %(objectname) %(*objectname) [5ms]
2025-01-13 12:36:23.531 [info] > git rev-parse --show-toplevel [2ms]
2025-01-13 12:36:48.111 [info] > git config --get commit.template [13ms]
2025-01-13 12:36:48.113 [info] > git for-each-ref --format=%(refname)%00%(upstream:short)%00%(objectname)%00%(upstream:track)%00%(upstream:remotename)%00%(upstream:remoteref) refs/heads/main refs/remotes/main [3ms]
2025-01-13 12:36:48.124 [warning] [Git][revParse] Unable to read file: ENOENT: no such file or directory, open '/home/ashkan/Documents/weeliifeefii59/.git/refs/remotes/origin/main'
2025-01-13 12:36:48.126 [info] > git rev-parse refs/remotes/origin/main [2ms]
2025-01-13 12:36:48.150 [info] > git status -z -uall [13ms]
2025-01-13 12:36:48.152 [info] > git for-each-ref --sort -committerdate --format %(refname) %(objectname) %(*objectname) [3ms]
2025-01-13 12:36:48.668 [info] > git rev-parse --show-toplevel [2ms]
2025-01-13 12:37:30.060 [info] > git config --get commit.template [13ms]
2025-01-13 12:37:30.065 [info] > git for-each-ref --format=%(refname)%00%(upstream:short)%00%(objectname)%00%(upstream:track)%00%(upstream:remotename)%00%(upstream:remoteref) refs/heads/main refs/remotes/main [6ms]
2025-01-13 12:37:30.076 [warning] [Git][revParse] Unable to read file: ENOENT: no such file or directory, open '/home/ashkan/Documents/weeliifeefii59/.git/refs/remotes/origin/main'
2025-01-13 12:37:30.078 [info] > git rev-parse refs/remotes/origin/main [3ms]
2025-01-13 12:37:30.106 [info] > git for-each-ref --sort -committerdate --format %(refname) %(objectname) %(*objectname) [7ms]
2025-01-13 12:37:30.118 [info] > git status -z -uall [29ms]
2025-01-13 12:37:30.632 [info] > git rev-parse --show-toplevel [3ms]
2025-01-13 12:37:35.146 [info] > git config --get commit.template [13ms]
2025-01-13 12:37:35.148 [info] > git for-each-ref --format=%(refname)%00%(upstream:short)%00%(objectname)%00%(upstream:track)%00%(upstream:remotename)%00%(upstream:remoteref) refs/heads/main refs/remotes/main [3ms]
2025-01-13 12:37:35.162 [warning] [Git][revParse] Unable to read file: ENOENT: no such file or directory, open '/home/ashkan/Documents/weeliifeefii59/.git/refs/remotes/origin/main'
2025-01-13 12:37:35.164 [info] > git rev-parse refs/remotes/origin/main [2ms]
2025-01-13 12:37:35.192 [info] > git status -z -uall [15ms]
2025-01-13 12:37:35.194 [info] > git for-each-ref --sort -committerdate --format %(refname) %(objectname) %(*objectname) [3ms]
2025-01-13 12:37:35.709 [info] > git rev-parse --show-toplevel [2ms]
2025-01-13 12:37:40.218 [info] > git config --get commit.template [9ms]
2025-01-13 12:37:40.220 [info] > git for-each-ref --format=%(refname)%00%(upstream:short)%00%(objectname)%00%(upstream:track)%00%(upstream:remotename)%00%(upstream:remoteref) refs/heads/main refs/remotes/main [2ms]
2025-01-13 12:37:40.227 [warning] [Git][revParse] Unable to read file: ENOENT: no such file or directory, open '/home/ashkan/Documents/weeliifeefii59/.git/refs/remotes/origin/main'
2025-01-13 12:37:40.229 [info] > git rev-parse refs/remotes/origin/main [2ms]
2025-01-13 12:37:40.245 [info] > git status -z -uall [8ms]
2025-01-13 12:37:40.247 [info] > git for-each-ref --sort -committerdate --format %(refname) %(objectname) %(*objectname) [3ms]
2025-01-13 12:37:40.759 [info] > git rev-parse --show-toplevel [1ms]
2025-01-13 12:39:09.568 [info] > git config --get commit.template [12ms]
2025-01-13 12:39:09.569 [info] > git for-each-ref --format=%(refname)%00%(upstream:short)%00%(objectname)%00%(upstream:track)%00%(upstream:remotename)%00%(upstream:remoteref) refs/heads/main refs/remotes/main [3ms]
2025-01-13 12:39:09.579 [warning] [Git][revParse] Unable to read file: ENOENT: no such file or directory, open '/home/ashkan/Documents/weeliifeefii59/.git/refs/remotes/origin/main'
2025-01-13 12:39:09.581 [info] > git rev-parse refs/remotes/origin/main [1ms]
2025-01-13 12:39:09.601 [info] > git status -z -uall [10ms]
2025-01-13 12:39:09.603 [info] > git for-each-ref --sort -committerdate --format %(refname) %(objectname) %(*objectname) [3ms]
2025-01-13 12:39:10.117 [info] > git rev-parse --show-toplevel [2ms]
2025-01-13 12:39:55.647 [info] > git config --get commit.template [12ms]
2025-01-13 12:39:55.649 [info] > git for-each-ref --format=%(refname)%00%(upstream:short)%00%(objectname)%00%(upstream:track)%00%(upstream:remotename)%00%(upstream:remoteref) refs/heads/main refs/remotes/main [3ms]
2025-01-13 12:39:55.659 [warning] [Git][revParse] Unable to read file: ENOENT: no such file or directory, open '/home/ashkan/Documents/weeliifeefii59/.git/refs/remotes/origin/main'
2025-01-13 12:39:55.661 [info] > git rev-parse refs/remotes/origin/main [2ms]
2025-01-13 12:39:55.682 [info] > git status -z -uall [11ms]
2025-01-13 12:39:55.686 [info] > git for-each-ref --sort -committerdate --format %(refname) %(objectname) %(*objectname) [4ms]
2025-01-13 12:39:56.200 [info] > git rev-parse --show-toplevel [1ms]
2025-01-13 12:40:11.176 [info] > git config --get commit.template [12ms]
2025-01-13 12:40:11.178 [info] > git for-each-ref --format=%(refname)%00%(upstream:short)%00%(objectname)%00%(upstream:track)%00%(upstream:remotename)%00%(upstream:remoteref) refs/heads/main refs/remotes/main [2ms]
2025-01-13 12:40:11.187 [warning] [Git][revParse] Unable to read file: ENOENT: no such file or directory, open '/home/ashkan/Documents/weeliifeefii59/.git/refs/remotes/origin/main'
2025-01-13 12:40:11.189 [info] > git rev-parse refs/remotes/origin/main [2ms]
2025-01-13 12:40:11.213 [info] > git status -z -uall [13ms]
2025-01-13 12:40:11.214 [info] > git for-each-ref --sort -committerdate --format %(refname) %(objectname) %(*objectname) [4ms]
2025-01-13 12:40:11.730 [info] > git rev-parse --show-toplevel [2ms]
2025-01-13 12:41:26.674 [info] > git show --textconv :roetz-life-rn/.env [14ms]
2025-01-13 12:41:26.676 [info] > git ls-files --stage -- /home/ashkan/Documents/weeliifeefii59/roetz-life-rn/.env [5ms]
2025-01-13 12:47:00.019 [info] > git show --textconv :roetz-mock-server/.env [13ms]
2025-01-13 12:47:00.021 [info] > git ls-files --stage -- /home/ashkan/Documents/weeliifeefii59/roetz-mock-server/.env [3ms]
2025-01-13 12:48:34.998 [info] > git config --get commit.template [11ms]
2025-01-13 12:48:35.000 [info] > git for-each-ref --format=%(refname)%00%(upstream:short)%00%(objectname)%00%(upstream:track)%00%(upstream:remotename)%00%(upstream:remoteref) refs/heads/main refs/remotes/main [3ms]
2025-01-13 12:48:35.009 [warning] [Git][revParse] Unable to read file: ENOENT: no such file or directory, open '/home/ashkan/Documents/weeliifeefii59/.git/refs/remotes/origin/main'
2025-01-13 12:48:35.011 [info] > git rev-parse refs/remotes/origin/main [3ms]
2025-01-13 12:48:35.034 [info] > git status -z -uall [12ms]
2025-01-13 12:48:35.035 [info] > git for-each-ref --sort -committerdate --format %(refname) %(objectname) %(*objectname) [3ms]
2025-01-13 12:48:35.546 [info] > git rev-parse --show-toplevel [1ms]
2025-01-13 12:56:43.061 [info] > git check-ignore -v -z --stdin [5ms]
2025-01-13 12:57:01.227 [info] > git show --textconv :roetz-life-rn/.env [18ms]
2025-01-13 12:57:01.229 [info] > git ls-files --stage -- /home/ashkan/Documents/weeliifeefii59/roetz-life-rn/.env [3ms]
2025-01-13 12:58:32.885 [info] > git config --get commit.template [11ms]
2025-01-13 12:58:32.889 [info] > git for-each-ref --format=%(refname)%00%(upstream:short)%00%(objectname)%00%(upstream:track)%00%(upstream:remotename)%00%(upstream:remoteref) refs/heads/main refs/remotes/main [5ms]
2025-01-13 12:58:32.899 [warning] [Git][revParse] Unable to read file: ENOENT: no such file or directory, open '/home/ashkan/Documents/weeliifeefii59/.git/refs/remotes/origin/main'
2025-01-13 12:58:32.901 [info] > git rev-parse refs/remotes/origin/main [2ms]
2025-01-13 12:58:32.927 [info] > git for-each-ref --sort -committerdate --format %(refname) %(objectname) %(*objectname) [4ms]
2025-01-13 12:58:32.941 [info] > git status -z -uall [29ms]
2025-01-13 12:58:33.455 [info] > git rev-parse --show-toplevel [2ms]
2025-01-13 12:58:47.670 [info] > git config --get commit.template [12ms]
2025-01-13 12:58:47.672 [info] > git for-each-ref --format=%(refname)%00%(upstream:short)%00%(objectname)%00%(upstream:track)%00%(upstream:remotename)%00%(upstream:remoteref) refs/heads/main refs/remotes/main [3ms]
2025-01-13 12:58:47.682 [warning] [Git][revParse] Unable to read file: ENOENT: no such file or directory, open '/home/ashkan/Documents/weeliifeefii59/.git/refs/remotes/origin/main'
2025-01-13 12:58:47.684 [info] > git rev-parse refs/remotes/origin/main [2ms]
2025-01-13 12:58:47.707 [info] > git status -z -uall [12ms]
2025-01-13 12:58:47.708 [info] > git for-each-ref --sort -committerdate --format %(refname) %(objectname) %(*objectname) [2ms]
2025-01-13 12:58:48.223 [info] > git rev-parse --show-toplevel [2ms]
2025-01-13 13:19:03.403 [info] > git show --textconv :roetz-mock-server/.env [13ms]
2025-01-13 13:19:03.405 [info] > git ls-files --stage -- /home/ashkan/Documents/weeliifeefii59/roetz-mock-server/.env [3ms]
2025-01-13 13:19:47.967 [info] > git config --get commit.template [13ms]
2025-01-13 13:19:47.974 [info] > git for-each-ref --format=%(refname)%00%(upstream:short)%00%(objectname)%00%(upstream:track)%00%(upstream:remotename)%00%(upstream:remoteref) refs/heads/main refs/remotes/main [9ms]
2025-01-13 13:19:47.986 [warning] [Git][revParse] Unable to read file: ENOENT: no such file or directory, open '/home/ashkan/Documents/weeliifeefii59/.git/refs/remotes/origin/main'
2025-01-13 13:19:47.988 [info] > git rev-parse refs/remotes/origin/main [2ms]
2025-01-13 13:19:48.014 [info] > git for-each-ref --sort -committerdate --format %(refname) %(objectname) %(*objectname) [4ms]
2025-01-13 13:19:48.032 [info] > git status -z -uall [32ms]
2025-01-13 13:19:48.547 [info] > git rev-parse --show-toplevel [2ms]
2025-01-13 13:19:59.460 [info] > git config --get commit.template [15ms]
2025-01-13 13:19:59.461 [info] > git for-each-ref --format=%(refname)%00%(upstream:short)%00%(objectname)%00%(upstream:track)%00%(upstream:remotename)%00%(upstream:remoteref) refs/heads/main refs/remotes/main [3ms]
2025-01-13 13:19:59.473 [warning] [Git][revParse] Unable to read file: ENOENT: no such file or directory, open '/home/ashkan/Documents/weeliifeefii59/.git/refs/remotes/origin/main'
2025-01-13 13:19:59.477 [info] > git rev-parse refs/remotes/origin/main [4ms]
2025-01-13 13:19:59.498 [info] > git status -z -uall [11ms]
2025-01-13 13:19:59.500 [info] > git for-each-ref --sort -committerdate --format %(refname) %(objectname) %(*objectname) [3ms]
2025-01-13 13:20:00.015 [info] > git rev-parse --show-toplevel [1ms]
2025-01-13 13:20:07.031 [info] > git config --get commit.template [9ms]
2025-01-13 13:20:07.035 [info] > git for-each-ref --format=%(refname)%00%(upstream:short)%00%(objectname)%00%(upstream:track)%00%(upstream:remotename)%00%(upstream:remoteref) refs/heads/main refs/remotes/main [5ms]
2025-01-13 13:20:07.044 [warning] [Git][revParse] Unable to read file: ENOENT: no such file or directory, open '/home/ashkan/Documents/weeliifeefii59/.git/refs/remotes/origin/main'
2025-01-13 13:20:07.046 [info] > git rev-parse refs/remotes/origin/main [2ms]
2025-01-13 13:20:07.067 [info] > git for-each-ref --sort -committerdate --format %(refname) %(objectname) %(*objectname) [3ms]
2025-01-13 13:20:07.079 [info] > git status -z -uall [25ms]
2025-01-13 13:20:07.589 [info] > git rev-parse --show-toplevel [1ms]
2025-01-13 13:21:04.083 [info] > git check-ignore -v -z --stdin [15ms]
2025-01-13 13:21:07.203 [info] > git show --textconv :roetz-life-rn/components/ChargeLevel.tsx [17ms]
2025-01-13 13:21:07.205 [info] > git ls-files --stage -- /home/ashkan/Documents/weeliifeefii59/roetz-life-rn/components/ChargeLevel.tsx [3ms]
2025-01-13 13:21:07.220 [info] > git cat-file -s f2187c6d87962229cbe00d54dc8fd53fd316b90f [3ms]
2025-01-13 13:21:18.913 [info] > git blame --root --incremental cc84b737297394bf49688ed09b72e3a12a535b7c -- /home/ashkan/Documents/weeliifeefii59/roetz-life-rn/components/ChargeLevel.tsx [12ms]
