2025-01-12 14:00:42.876 [info] [main] Log level: Info
2025-01-12 14:00:42.876 [info] [main] Validating found git in: "git"
2025-01-12 14:00:42.876 [info] [main] Using git "2.48.0" from "git"
2025-01-12 14:00:42.876 [info] [Model][doInitialScan] Initial repository scan started
2025-01-12 14:00:42.876 [info] > git rev-parse --show-toplevel [8ms]
2025-01-12 14:00:42.876 [info] > git rev-parse --git-dir --git-common-dir [5ms]
2025-01-12 14:00:42.876 [info] [Model][openRepository] Opened repository: /home/ashkan/Documents/weeliifeefii59
2025-01-12 14:00:42.878 [info] > git config --get commit.template [17ms]
2025-01-12 14:00:42.896 [info] > git for-each-ref --format=%(refname)%00%(upstream:short)%00%(objectname)%00%(upstream:track)%00%(upstream:remotename)%00%(upstream:remoteref) refs/heads/main refs/remotes/main [4ms]
2025-01-12 14:00:42.942 [warning] [Git][revParse] Unable to read file: ENOENT: no such file or directory, open '/home/ashkan/Documents/weeliifeefii59/.git/refs/remotes/origin/main'
2025-01-12 14:00:42.945 [info] > git rev-parse refs/remotes/origin/main [3ms]
2025-01-12 14:00:42.968 [info] > git status -z -uall [12ms]
2025-01-12 14:00:42.998 [info] > git for-each-ref --sort -committerdate --format %(refname) %(objectname) %(*objectname) [32ms]
2025-01-12 14:00:43.038 [info] > git for-each-ref --format=%(refname)%00%(upstream:short)%00%(objectname)%00%(upstream:track)%00%(upstream:remotename)%00%(upstream:remoteref) refs/heads/main refs/remotes/main [21ms]
2025-01-12 14:00:43.048 [info] > git rev-parse --show-toplevel [51ms]
2025-01-12 14:00:43.062 [info] > git config --local branch.main.vscode-merge-base [14ms]
2025-01-12 14:00:43.074 [info] > git config --get commit.template [42ms]
2025-01-12 14:00:43.077 [info] > git for-each-ref --format=%(refname)%00%(upstream:short)%00%(objectname)%00%(upstream:track)%00%(upstream:remotename)%00%(upstream:remoteref) refs/heads/origin/main refs/remotes/origin/main [4ms]
2025-01-12 14:00:43.106 [info] > git rev-parse --show-toplevel [45ms]
2025-01-12 14:00:43.133 [info] > git merge-base refs/heads/main refs/remotes/origin/main [44ms]
2025-01-12 14:00:43.145 [info] > git rev-parse --show-toplevel [13ms]
2025-01-12 14:00:43.146 [info] > git for-each-ref --format=%(refname)%00%(upstream:short)%00%(objectname)%00%(upstream:track)%00%(upstream:remotename)%00%(upstream:remoteref) refs/heads/main refs/remotes/main [26ms]
2025-01-12 14:00:43.172 [warning] [Git][revParse] Unable to read file: ENOENT: no such file or directory, open '/home/ashkan/Documents/weeliifeefii59/.git/refs/remotes/origin/main'
2025-01-12 14:00:43.173 [info] > git diff --name-status -z --diff-filter=ADMR cc84b737297394bf49688ed09b72e3a12a535b7c...refs/remotes/origin/main [29ms]
2025-01-12 14:00:43.175 [info] > git rev-parse refs/remotes/origin/main [3ms]
2025-01-12 14:00:43.195 [info] > git rev-parse --show-toplevel [34ms]
2025-01-12 14:00:43.206 [info] > git status -z -uall [22ms]
2025-01-12 14:00:43.208 [info] > git for-each-ref --sort -committerdate --format %(refname) %(objectname) %(*objectname) [12ms]
2025-01-12 14:00:43.220 [info] > git rev-parse --show-toplevel [15ms]
2025-01-12 14:00:43.232 [info] > git rev-parse --show-toplevel [2ms]
2025-01-12 14:00:43.245 [info] > git rev-parse --show-toplevel [2ms]
2025-01-12 14:00:43.257 [info] > git rev-parse --show-toplevel [2ms]
2025-01-12 14:00:43.269 [info] > git rev-parse --show-toplevel [2ms]
2025-01-12 14:00:43.283 [info] > git rev-parse --show-toplevel [3ms]
2025-01-12 14:00:43.295 [info] > git rev-parse --show-toplevel [2ms]
2025-01-12 14:00:43.296 [info] [Model][doInitialScan] Initial repository scan completed - repositories (1), closed repositories (0), parent repositories (0), unsafe repositories (0)
2025-01-12 14:00:43.360 [info] > git check-ignore -v -z --stdin [2ms]
2025-01-12 14:00:43.722 [info] > git rev-parse --show-toplevel [2ms]
2025-01-12 14:26:23.394 [info] > git check-ignore -v -z --stdin [2ms]
2025-01-12 14:26:24.470 [info] > git show --textconv :.vscode/settings.json [21ms]
2025-01-12 14:26:24.479 [info] > git ls-files --stage -- /home/ashkan/Documents/weeliifeefii59/.vscode/settings.json [10ms]
2025-01-12 14:26:24.498 [info] > git cat-file -s 3d249861cf8f6d10e0717a38033d6e8f71c7e01e [5ms]
2025-01-12 14:27:46.360 [info] > git config --get commit.template [12ms]
2025-01-12 14:27:46.361 [info] > git for-each-ref --format=%(refname)%00%(upstream:short)%00%(objectname)%00%(upstream:track)%00%(upstream:remotename)%00%(upstream:remoteref) refs/heads/main refs/remotes/main [3ms]
2025-01-12 14:27:46.374 [warning] [Git][revParse] Unable to read file: ENOENT: no such file or directory, open '/home/ashkan/Documents/weeliifeefii59/.git/refs/remotes/origin/main'
2025-01-12 14:27:46.376 [info] > git rev-parse refs/remotes/origin/main [3ms]
2025-01-12 14:27:46.402 [info] > git status -z -uall [14ms]
2025-01-12 14:27:46.404 [info] > git for-each-ref --sort -committerdate --format %(refname) %(objectname) %(*objectname) [3ms]
2025-01-12 14:27:46.922 [info] > git rev-parse --show-toplevel [2ms]
2025-01-12 14:28:09.987 [info] > git config --get commit.template [3ms]
2025-01-12 14:28:10.002 [info] > git for-each-ref --format=%(refname)%00%(upstream:short)%00%(objectname)%00%(upstream:track)%00%(upstream:remotename)%00%(upstream:remoteref) refs/heads/main refs/remotes/main [5ms]
2025-01-12 14:28:10.012 [warning] [Git][revParse] Unable to read file: ENOENT: no such file or directory, open '/home/ashkan/Documents/weeliifeefii59/.git/refs/remotes/origin/main'
2025-01-12 14:28:10.015 [info] > git rev-parse refs/remotes/origin/main [3ms]
2025-01-12 14:28:10.041 [info] > git for-each-ref --sort -committerdate --format %(refname) %(objectname) %(*objectname) [4ms]
2025-01-12 14:28:10.052 [info] > git status -z -uall [26ms]
2025-01-12 14:28:10.567 [info] > git rev-parse --show-toplevel [2ms]
2025-01-12 14:28:36.127 [info] > git config --get commit.template [13ms]
2025-01-12 14:28:36.128 [info] > git for-each-ref --format=%(refname)%00%(upstream:short)%00%(objectname)%00%(upstream:track)%00%(upstream:remotename)%00%(upstream:remoteref) refs/heads/main refs/remotes/main [2ms]
2025-01-12 14:28:36.139 [warning] [Git][revParse] Unable to read file: ENOENT: no such file or directory, open '/home/ashkan/Documents/weeliifeefii59/.git/refs/remotes/origin/main'
2025-01-12 14:28:36.141 [info] > git rev-parse refs/remotes/origin/main [2ms]
2025-01-12 14:28:36.163 [info] > git status -z -uall [12ms]
2025-01-12 14:28:36.166 [info] > git for-each-ref --sort -committerdate --format %(refname) %(objectname) %(*objectname) [3ms]
2025-01-12 14:28:36.681 [info] > git rev-parse --show-toplevel [2ms]
2025-01-12 14:29:21.177 [info] > git blame --root --incremental cc84b737297394bf49688ed09b72e3a12a535b7c -- /home/ashkan/Documents/weeliifeefii59/.vscode/settings.json [18ms]
