2025-01-12 12:43:14.538 [info] Added views:outline in workbench.view.explorer
2025-01-12 12:43:14.538 [info] Added views:workbench.view.search in workbench.view.search
2025-01-12 12:43:14.538 [info] Added views:workbench.scm in workbench.view.scm
2025-01-12 12:43:14.538 [info] Added views:workbench.panel.markers.view in workbench.panel.markers
2025-01-12 12:43:14.538 [info] Added views:workbench.panel.output in workbench.panel.output
2025-01-12 12:43:14.538 [info] Added views:terminal in terminal
2025-01-12 12:43:14.538 [info] Added views:timeline in workbench.view.explorer
2025-01-12 12:43:14.538 [info] Added views:workbench.explorer.fileView in workbench.view.explorer
2025-01-12 12:43:15.582 [info] Added views:workbench.debug.variablesView,workbench.debug.watchExpressionsView,workbench.debug.callStackView,workbench.debug.breakPointsView in workbench.view.debug
2025-01-12 12:43:15.615 [info] Added views:workbench.panel.repl.view in workbench.panel.repl
2025-01-12 12:43:15.616 [info] Removed views:workbench.debug.breakPointsView,workbench.debug.callStackView,workbench.debug.watchExpressionsView,workbench.debug.variablesView from workbench.view.debug
2025-01-12 12:43:15.617 [info] Added views:workbench.debug.welcome in workbench.view.debug
2025-01-12 12:43:15.728 [info] Added views:~remote.forwardedPorts in ~remote.forwardedPortsContainer
2025-01-12 12:43:22.113 [info] Added views:workbench.scm.history in workbench.view.scm
2025-01-12 12:43:34.851 [info] Removed views:workbench.scm.history from workbench.view.scm
2025-01-12 12:43:35.569 [info] Added views:outline in workbench.view.explorer
2025-01-12 12:43:35.569 [info] Added views:workbench.view.search in workbench.view.search
2025-01-12 12:43:35.569 [info] Added views:workbench.scm in workbench.view.scm
2025-01-12 12:43:35.569 [info] Added views:workbench.panel.markers.view in workbench.panel.markers
2025-01-12 12:43:35.569 [info] Added views:workbench.panel.output in workbench.panel.output
2025-01-12 12:43:35.569 [info] Added views:terminal in terminal
2025-01-12 12:43:35.569 [info] Added views:timeline in workbench.view.explorer
2025-01-12 12:43:35.569 [info] Added views:workbench.explorer.fileView in workbench.view.explorer
2025-01-12 12:43:36.238 [info] Added views:workbench.debug.variablesView,workbench.debug.watchExpressionsView,workbench.debug.callStackView,workbench.debug.breakPointsView in workbench.view.debug
2025-01-12 12:43:36.285 [info] Added views:~remote.forwardedPorts in ~remote.forwardedPortsContainer
2025-01-12 12:43:36.526 [info] Added views:workbench.panel.repl.view in workbench.panel.repl
2025-01-12 12:43:36.924 [info] Added views:workbench.scm.history in workbench.view.scm
2025-01-12 13:56:10.192 [info] Removed views:workbench.scm.history from workbench.view.scm
